# JRE version: Java(TM) SE Runtime Environment (21.0.5+9) (build 21.0.5+9-LTS-239)
# Java VM: Java HotSpot(TM) 64-Bit Server VM (21.0.5+9-LTS-239, mixed mode, sharing, tiered, compressed oops, compressed class ptrs, g1 gc, windows-amd64)
GC Precious Log:
 CardTable entry size: 512
 Card Set container configuration: InlinePtr #cards 4 size 8 Array Of Cards #cards 16 size 48 Howl #buckets 8 coarsen threshold 3686 Howl Bitmap #cards 512 size 80 coarsen threshold 460 Card regions per heap region 1 cards per card region 4096
 CPUs: 4 total, 4 available
 Memory: 12199M
 Large Page Support: Disabled
 NUMA Support: Disabled
 Compressed Oops: Enabled (Zero based)
 Heap Region Size: 2M
 Heap Min Capacity: 8M
 Heap Initial Capacity: 192M
 Heap Max Capacity: 3050M
 Pre-touch: Disabled
 Parallel Workers: 4
 Concurrent Workers: 1
 Concurrent Refinement Workers: 4
 Periodic GC: Disabled
Heap:
 garbage-first heap   total 145408K, used 84973K [0x0000000741600000, 0x0000000800000000)
  region size 2048K, 10 young (20480K), 2 survivors (4096K)
 Metaspace       used 34425K, committed 34816K, reserved 1114112K
  class space    used 3818K, committed 4032K, reserved 1048576K
GC Heap History (20 events):
Event: 2.850 GC heap before
{Heap before GC invocations=2 (full 0):
 garbage-first heap   total 196608K, used 41012K [0x0000000741600000, 0x0000000800000000)
  region size 2048K, 20 young (40960K), 1 survivors (2048K)
 Metaspace       used 11799K, committed 12096K, reserved 1114112K
  class space    used 1383K, committed 1536K, reserved 1048576K
}
Event: 2.858 GC heap after
{Heap after GC invocations=3 (full 0):
 garbage-first heap   total 196608K, used 6168K [0x0000000741600000, 0x0000000800000000)
  region size 2048K, 2 young (4096K), 2 survivors (4096K)
 Metaspace       used 11799K, committed 12096K, reserved 1114112K
  class space    used 1383K, committed 1536K, reserved 1048576K
}
Event: 11.665 GC heap before
{Heap before GC invocations=3 (full 0):
 garbage-first heap   total 196608K, used 118808K [0x0000000741600000, 0x0000000800000000)
  region size 2048K, 57 young (116736K), 2 survivors (4096K)
 Metaspace       used 16867K, committed 17152K, reserved 1114112K
  class space    used 1892K, committed 2048K, reserved 1048576K
}
Event: 11.693 GC heap after
{Heap after GC invocations=4 (full 0):
 garbage-first heap   total 196608K, used 16145K [0x0000000741600000, 0x0000000800000000)
  region size 2048K, 7 young (14336K), 7 survivors (14336K)
 Metaspace       used 16867K, committed 17152K, reserved 1114112K
  class space    used 1892K, committed 2048K, reserved 1048576K
}
Event: 26.121 GC heap before
{Heap before GC invocations=4 (full 0):
 garbage-first heap   total 196608K, used 98065K [0x0000000741600000, 0x0000000800000000)
  region size 2048K, 47 young (96256K), 7 survivors (14336K)
 Metaspace       used 21167K, committed 21504K, reserved 1114112K
  class space    used 2343K, committed 2496K, reserved 1048576K
}
Event: 26.146 GC heap after
{Heap after GC invocations=5 (full 0):
 garbage-first heap   total 196608K, used 23122K [0x0000000741600000, 0x0000000800000000)
  region size 2048K, 2 young (4096K), 2 survivors (4096K)
 Metaspace       used 21167K, committed 21504K, reserved 1114112K
  class space    used 2343K, committed 2496K, reserved 1048576K
}
Event: 27.784 GC heap before
{Heap before GC invocations=6 (full 0):
 garbage-first heap   total 90112K, used 74322K [0x0000000741600000, 0x0000000800000000)
  region size 2048K, 26 young (53248K), 2 survivors (4096K)
 Metaspace       used 26805K, committed 27200K, reserved 1114112K
  class space    used 2988K, committed 3136K, reserved 1048576K
}
Event: 27.813 GC heap after
{Heap after GC invocations=7 (full 0):
 garbage-first heap   total 102400K, used 43116K [0x0000000741600000, 0x0000000800000000)
  region size 2048K, 4 young (8192K), 4 survivors (8192K)
 Metaspace       used 26805K, committed 27200K, reserved 1114112K
  class space    used 2988K, committed 3136K, reserved 1048576K
}
Event: 29.157 GC heap before
{Heap before GC invocations=7 (full 0):
 garbage-first heap   total 102400K, used 77932K [0x0000000741600000, 0x0000000800000000)
  region size 2048K, 22 young (45056K), 4 survivors (8192K)
 Metaspace       used 28894K, committed 29312K, reserved 1114112K
  class space    used 3231K, committed 3392K, reserved 1048576K
}
Event: 29.174 GC heap after
{Heap after GC invocations=8 (full 0):
 garbage-first heap   total 102400K, used 46905K [0x0000000741600000, 0x0000000800000000)
  region size 2048K, 2 young (4096K), 2 survivors (4096K)
 Metaspace       used 28894K, committed 29312K, reserved 1114112K
  class space    used 3231K, committed 3392K, reserved 1048576K
}
Event: 33.388 GC heap before
{Heap before GC invocations=8 (full 0):
 garbage-first heap   total 102400K, used 85817K [0x0000000741600000, 0x0000000800000000)
  region size 2048K, 20 young (40960K), 2 survivors (4096K)
 Metaspace       used 29763K, committed 30208K, reserved 1114112K
  class space    used 3330K, committed 3520K, reserved 1048576K
}
Event: 33.405 GC heap after
{Heap after GC invocations=9 (full 0):
 garbage-first heap   total 102400K, used 59124K [0x0000000741600000, 0x0000000800000000)
  region size 2048K, 3 young (6144K), 3 survivors (6144K)
 Metaspace       used 29763K, committed 30208K, reserved 1114112K
  class space    used 3330K, committed 3520K, reserved 1048576K
}
Event: 33.930 GC heap before
{Heap before GC invocations=9 (full 0):
 garbage-first heap   total 102400K, used 83700K [0x0000000741600000, 0x0000000800000000)
  region size 2048K, 16 young (32768K), 3 survivors (6144K)
 Metaspace       used 29834K, committed 30208K, reserved 1114112K
  class space    used 3331K, committed 3520K, reserved 1048576K
}
Event: 33.945 GC heap after
{Heap after GC invocations=10 (full 0):
 garbage-first heap   total 102400K, used 69632K [0x0000000741600000, 0x0000000800000000)
  region size 2048K, 2 young (4096K), 2 survivors (4096K)
 Metaspace       used 29834K, committed 30208K, reserved 1114112K
  class space    used 3331K, committed 3520K, reserved 1048576K
}
Event: 34.610 GC heap before
{Heap before GC invocations=11 (full 0):
 garbage-first heap   total 120832K, used 88064K [0x0000000741600000, 0x0000000800000000)
  region size 2048K, 11 young (22528K), 2 survivors (4096K)
 Metaspace       used 29835K, committed 30208K, reserved 1114112K
  class space    used 3331K, committed 3520K, reserved 1048576K
}
Event: 34.620 GC heap after
{Heap after GC invocations=12 (full 0):
 garbage-first heap   total 120832K, used 76552K [0x0000000741600000, 0x0000000800000000)
  region size 2048K, 2 young (4096K), 2 survivors (4096K)
 Metaspace       used 29835K, committed 30208K, reserved 1114112K
  class space    used 3331K, committed 3520K, reserved 1048576K
}
Event: 35.391 GC heap before
{Heap before GC invocations=12 (full 0):
 garbage-first heap   total 120832K, used 97032K [0x0000000741600000, 0x0000000800000000)
  region size 2048K, 13 young (26624K), 2 survivors (4096K)
 Metaspace       used 30391K, committed 30784K, reserved 1114112K
  class space    used 3395K, committed 3584K, reserved 1048576K
}
Event: 35.408 GC heap after
{Heap after GC invocations=13 (full 0):
 garbage-first heap   total 145408K, used 71025K [0x0000000741600000, 0x0000000800000000)
  region size 2048K, 2 young (4096K), 2 survivors (4096K)
 Metaspace       used 30391K, committed 30784K, reserved 1114112K
  class space    used 3395K, committed 3584K, reserved 1048576K
}
Event: 37.459 GC heap before
{Heap before GC invocations=13 (full 0):
 garbage-first heap   total 145408K, used 107889K [0x0000000741600000, 0x0000000800000000)
  region size 2048K, 21 young (43008K), 2 survivors (4096K)
 Metaspace       used 32627K, committed 32960K, reserved 1114112K
  class space    used 3599K, committed 3776K, reserved 1048576K
}
Event: 37.467 GC heap after
{Heap after GC invocations=14 (full 0):
 garbage-first heap   total 145408K, used 70637K [0x0000000741600000, 0x0000000800000000)
  region size 2048K, 2 young (4096K), 2 survivors (4096K)
 Metaspace       used 32627K, committed 32960K, reserved 1114112K
  class space    used 3599K, committed 3776K, reserved 1048576K
}

